pygame 2.6.1 (SDL 2.28.4, Python 3.12.0)
Hello from the pygame community. https://www.pygame.org/contribute.html
Detecting location from network...
Detected Timezone: America/Toronto
Detected Coordinates: 43.5142, -79.8845
------------------------------
PRAYER SCHEDULE FOR 2026-02-08
------------------------------
YESTERDAY (2026-02-07):
  Fajr:    06:08
  Dhuhr:   12:35
  Asr:     15:16
  Maghrib: 17:39
  Isha:    18:59
------------------------------
TODAY     (2026-02-08):
  Fajr:    06:07
  Dhuhr:   12:35
  Asr:     15:17
  Maghrib: 17:41
  Isha:    19:01
------------------------------
TOMORROW  (2026-02-09):
  Fajr:    06:06
  Dhuhr:   12:35
  Asr:     15:18
  Maghrib: 17:42
  Isha:    19:02
------------------------------
pygame 2.6.1 (SDL 2.28.4, Python 3.12.0)
Hello from the pygame community. https://www.pygame.org/contribute.html
Detecting location from network...
Detected Timezone: America/Toronto
Detected Coordinates: 43.5142, -79.8845
Clock loop started. Press Ctrl+C to stop.
Time for Asr!
Playing Adhaan
pygame 2.6.1 (SDL 2.28.4, Python 3.12.0)
Hello from the pygame community. https://www.pygame.org/contribute.html
Detecting location from network...
Detected Timezone: America/Toronto
Detected Coordinates: 43.5142, -79.8845
Error playing sound: No file 'makkah_adhan.mp3' found in working directory '/Users/hassan.najeeb/PycharmProjects/my-adhan'.
Time for Isha!
Playing Adhaan
Traceback (most recent call last):
  File "<string>", line 1, in <module>
  File "/Library/Frameworks/Python.framework/Versions/3.12/lib/python3.12/multiprocessing/spawn.py", line 122, in spawn_main
    exitcode = _main(fd, parent_sentinel)
               ^^^^^^^^^^^^^^^^^^^^^^^^^^
  File "/Library/Frameworks/Python.framework/Versions/3.12/lib/python3.12/multiprocessing/spawn.py", line 131, in _main
    prepare(preparation_data)
  File "/Library/Frameworks/Python.framework/Versions/3.12/lib/python3.12/multiprocessing/spawn.py", line 246, in prepare
    _fixup_main_from_path(data['init_main_from_path'])
  File "/Library/Frameworks/Python.framework/Versions/3.12/lib/python3.12/multiprocessing/spawn.py", line 297, in _fixup_main_from_path
    main_content = runpy.run_path(main_path,
                   ^^^^^^^^^^^^^^^^^^^^^^^^^
  File "<frozen runpy>", line 286, in run_path
  File "<frozen runpy>", line 98, in _run_module_code
  File "<frozen runpy>", line 88, in _run_code
  File "/Users/hassan.najeeb/PycharmProjects/my-adhan/adhan_clock.py", line 5, in <module>
    import converter
ModuleNotFoundError: No module named 'converter'
Error playing sound: No file 'makkah_adhan.mp3' found in working directory '/Users/hassan.najeeb/PycharmProjects/my-adhan'.
------------------------------
PRAYER SCHEDULE FOR 2026-02-09
------------------------------
YESTERDAY (2026-02-08):
  Fajr:    06:07
  Dhuhr:   12:35
  Asr:     15:17
  Maghrib: 17:41
  Isha:    19:01
------------------------------
TODAY     (2026-02-09):
  Fajr:    06:06
  Dhuhr:   12:35
  Asr:     15:18
  Maghrib: 17:42
  Isha:    19:02
------------------------------
TOMORROW  (2026-02-10):
  Fajr:    06:05
  Dhuhr:   12:35
  Asr:     15:19
  Maghrib: 17:43
  Isha:    19:04
------------------------------
Time for Dhuhr!
Playing Adhaan
Traceback (most recent call last):
  File "<string>", line 1, in <module>
  File "/Library/Frameworks/Python.framework/Versions/3.12/lib/python3.12/multiprocessing/spawn.py", line 122, in spawn_main
    exitcode = _main(fd, parent_sentinel)
               ^^^^^^^^^^^^^^^^^^^^^^^^^^
  File "/Library/Frameworks/Python.framework/Versions/3.12/lib/python3.12/multiprocessing/spawn.py", line 131, in _main
    prepare(preparation_data)
  File "/Library/Frameworks/Python.framework/Versions/3.12/lib/python3.12/multiprocessing/spawn.py", line 246, in prepare
    _fixup_main_from_path(data['init_main_from_path'])
  File "/Library/Frameworks/Python.framework/Versions/3.12/lib/python3.12/multiprocessing/spawn.py", line 297, in _fixup_main_from_path
    main_content = runpy.run_path(main_path,
                   ^^^^^^^^^^^^^^^^^^^^^^^^^
  File "<frozen runpy>", line 286, in run_path
  File "<frozen runpy>", line 98, in _run_module_code
  File "<frozen runpy>", line 88, in _run_code
  File "/Users/hassan.najeeb/PycharmProjects/my-adhan/adhan_clock.py", line 5, in <module>
    import converter
ModuleNotFoundError: No module named 'converter'
Error playing sound: No file 'makkah_adhan.mp3' found in working directory '/Users/hassan.najeeb/PycharmProjects/my-adhan'.
------------------------------
PRAYER SCHEDULE FOR 2026-02-10
------------------------------
YESTERDAY (2026-02-09):
  Fajr:    06:06
  Dhuhr:   12:35
  Asr:     15:18
  Maghrib: 17:42
  Isha:    19:02
------------------------------
TODAY     (2026-02-10):
  Fajr:    06:05
  Dhuhr:   12:35
  Asr:     15:19
  Maghrib: 17:43
  Isha:    19:04
------------------------------
TOMORROW  (2026-02-11):
  Fajr:    06:03
  Dhuhr:   12:35
  Asr:     15:20
  Maghrib: 17:45
  Isha:    19:05
------------------------------
Time for Dhuhr!
Playing Adhaan
Traceback (most recent call last):
  File "<string>", line 1, in <module>
  File "/Library/Frameworks/Python.framework/Versions/3.12/lib/python3.12/multiprocessing/spawn.py", line 122, in spawn_main
    exitcode = _main(fd, parent_sentinel)
               ^^^^^^^^^^^^^^^^^^^^^^^^^^
  File "/Library/Frameworks/Python.framework/Versions/3.12/lib/python3.12/multiprocessing/spawn.py", line 131, in _main
    prepare(preparation_data)
  File "/Library/Frameworks/Python.framework/Versions/3.12/lib/python3.12/multiprocessing/spawn.py", line 246, in prepare
    _fixup_main_from_path(data['init_main_from_path'])
  File "/Library/Frameworks/Python.framework/Versions/3.12/lib/python3.12/multiprocessing/spawn.py", line 297, in _fixup_main_from_path
    main_content = runpy.run_path(main_path,
                   ^^^^^^^^^^^^^^^^^^^^^^^^^
  File "<frozen runpy>", line 286, in run_path
  File "<frozen runpy>", line 98, in _run_module_code
  File "<frozen runpy>", line 88, in _run_code
  File "/Users/hassan.najeeb/PycharmProjects/my-adhan/adhan_clock.py", line 5, in <module>
    import converter
ModuleNotFoundError: No module named 'converter'
Error playing sound: No file 'makkah_adhan.mp3' found in working directory '/Users/hassan.najeeb/PycharmProjects/my-adhan'.
Time for Asr!
Playing Adhaan
Traceback (most recent call last):
  File "<string>", line 1, in <module>
  File "/Library/Frameworks/Python.framework/Versions/3.12/lib/python3.12/multiprocessing/spawn.py", line 122, in spawn_main
    exitcode = _main(fd, parent_sentinel)
               ^^^^^^^^^^^^^^^^^^^^^^^^^^
  File "/Library/Frameworks/Python.framework/Versions/3.12/lib/python3.12/multiprocessing/spawn.py", line 131, in _main
    prepare(preparation_data)
  File "/Library/Frameworks/Python.framework/Versions/3.12/lib/python3.12/multiprocessing/spawn.py", line 246, in prepare
    _fixup_main_from_path(data['init_main_from_path'])
  File "/Library/Frameworks/Python.framework/Versions/3.12/lib/python3.12/multiprocessing/spawn.py", line 297, in _fixup_main_from_path
    main_content = runpy.run_path(main_path,
                   ^^^^^^^^^^^^^^^^^^^^^^^^^
  File "<frozen runpy>", line 286, in run_path
  File "<frozen runpy>", line 98, in _run_module_code
  File "<frozen runpy>", line 88, in _run_code
  File "/Users/hassan.najeeb/PycharmProjects/my-adhan/adhan_clock.py", line 5, in <module>
    import converter
ModuleNotFoundError: No module named 'converter'
Error playing sound: No file 'makkah_adhan.mp3' found in working directory '/Users/hassan.najeeb/PycharmProjects/my-adhan'.
------------------------------
PRAYER SCHEDULE FOR 2026-02-11
------------------------------
YESTERDAY (2026-02-10):
  Fajr:    06:05
  Dhuhr:   12:35
  Asr:     15:19
  Maghrib: 17:43
  Isha:    19:04
------------------------------
TODAY     (2026-02-11):
  Fajr:    06:03
  Dhuhr:   12:35
  Asr:     15:20
  Maghrib: 17:45
  Isha:    19:05
------------------------------
TOMORROW  (2026-02-12):
  Fajr:    06:02
  Dhuhr:   12:35
  Asr:     15:22
  Maghrib: 17:46
  Isha:    19:06
------------------------------
------------------------------
PRAYER SCHEDULE FOR 2026-02-12
------------------------------
YESTERDAY (2026-02-11):
  Fajr:    06:03
  Dhuhr:   12:35
  Asr:     15:20
  Maghrib: 17:45
  Isha:    19:05
------------------------------
TODAY     (2026-02-12):
  Fajr:    06:02
  Dhuhr:   12:35
  Asr:     15:22
  Maghrib: 17:46
  Isha:    19:06
------------------------------
TOMORROW  (2026-02-13):
  Fajr:    06:01
  Dhuhr:   12:35
  Asr:     15:23
  Maghrib: 17:47
  Isha:    19:07
------------------------------
Time for Dhuhr!
Playing Adhaan
Traceback (most recent call last):
  File "<string>", line 1, in <module>
  File "/Library/Frameworks/Python.framework/Versions/3.12/lib/python3.12/multiprocessing/spawn.py", line 122, in spawn_main
    exitcode = _main(fd, parent_sentinel)
               ^^^^^^^^^^^^^^^^^^^^^^^^^^
  File "/Library/Frameworks/Python.framework/Versions/3.12/lib/python3.12/multiprocessing/spawn.py", line 131, in _main
    prepare(preparation_data)
  File "/Library/Frameworks/Python.framework/Versions/3.12/lib/python3.12/multiprocessing/spawn.py", line 246, in prepare
    _fixup_main_from_path(data['init_main_from_path'])
  File "/Library/Frameworks/Python.framework/Versions/3.12/lib/python3.12/multiprocessing/spawn.py", line 297, in _fixup_main_from_path
    main_content = runpy.run_path(main_path,
                   ^^^^^^^^^^^^^^^^^^^^^^^^^
  File "<frozen runpy>", line 286, in run_path
  File "<frozen runpy>", line 98, in _run_module_code
  File "<frozen runpy>", line 88, in _run_code
  File "/Users/hassan.najeeb/PycharmProjects/my-adhan/adhan_clock.py", line 5, in <module>
    import converter
ModuleNotFoundError: No module named 'converter'
Error playing sound: No file 'makkah_adhan.mp3' found in working directory '/Users/hassan.najeeb/PycharmProjects/my-adhan'.
Time for Asr!
Playing Adhaan
Traceback (most recent call last):
  File "<string>", line 1, in <module>
  File "/Library/Frameworks/Python.framework/Versions/3.12/lib/python3.12/multiprocessing/spawn.py", line 122, in spawn_main
    exitcode = _main(fd, parent_sentinel)
               ^^^^^^^^^^^^^^^^^^^^^^^^^^
  File "/Library/Frameworks/Python.framework/Versions/3.12/lib/python3.12/multiprocessing/spawn.py", line 131, in _main
    prepare(preparation_data)
  File "/Library/Frameworks/Python.framework/Versions/3.12/lib/python3.12/multiprocessing/spawn.py", line 246, in prepare
    _fixup_main_from_path(data['init_main_from_path'])
  File "/Library/Frameworks/Python.framework/Versions/3.12/lib/python3.12/multiprocessing/spawn.py", line 297, in _fixup_main_from_path
    main_content = runpy.run_path(main_path,
                   ^^^^^^^^^^^^^^^^^^^^^^^^^
  File "<frozen runpy>", line 286, in run_path
  File "<frozen runpy>", line 98, in _run_module_code
  File "<frozen runpy>", line 88, in _run_code
  File "/Users/hassan.najeeb/PycharmProjects/my-adhan/adhan_clock.py", line 5, in <module>
    import converter
ModuleNotFoundError: No module named 'converter'
Error playing sound: No file 'makkah_adhan.mp3' found in working directory '/Users/hassan.najeeb/PycharmProjects/my-adhan'.
------------------------------
PRAYER SCHEDULE FOR 2026-02-13
------------------------------
YESTERDAY (2026-02-12):
  Fajr:    06:02
  Dhuhr:   12:35
  Asr:     15:22
  Maghrib: 17:46
  Isha:    19:06
------------------------------
TODAY     (2026-02-13):
  Fajr:    06:01
  Dhuhr:   12:35
  Asr:     15:23
  Maghrib: 17:47
  Isha:    19:07
------------------------------
TOMORROW  (2026-02-14):
  Fajr:    05:59
  Dhuhr:   12:35
  Asr:     15:24
  Maghrib: 17:49
  Isha:    19:08
------------------------------
Time for Asr!
Playing Adhaan
Traceback (most recent call last):
  File "<string>", line 1, in <module>
  File "/Library/Frameworks/Python.framework/Versions/3.12/lib/python3.12/multiprocessing/spawn.py", line 122, in spawn_main
    exitcode = _main(fd, parent_sentinel)
               ^^^^^^^^^^^^^^^^^^^^^^^^^^
  File "/Library/Frameworks/Python.framework/Versions/3.12/lib/python3.12/multiprocessing/spawn.py", line 131, in _main
    prepare(preparation_data)
  File "/Library/Frameworks/Python.framework/Versions/3.12/lib/python3.12/multiprocessing/spawn.py", line 246, in prepare
    _fixup_main_from_path(data['init_main_from_path'])
  File "/Library/Frameworks/Python.framework/Versions/3.12/lib/python3.12/multiprocessing/spawn.py", line 297, in _fixup_main_from_path
    main_content = runpy.run_path(main_path,
                   ^^^^^^^^^^^^^^^^^^^^^^^^^
  File "<frozen runpy>", line 286, in run_path
  File "<frozen runpy>", line 98, in _run_module_code
  File "<frozen runpy>", line 88, in _run_code
  File "/Users/hassan.najeeb/PycharmProjects/my-adhan/adhan_clock.py", line 5, in <module>
    import converter
ModuleNotFoundError: No module named 'converter'
Error playing sound: No file 'makkah_adhan.mp3' found in working directory '/Users/hassan.najeeb/PycharmProjects/my-adhan'.
------------------------------
PRAYER SCHEDULE FOR 2026-02-14
------------------------------
YESTERDAY (2026-02-13):
  Fajr:    06:01
  Dhuhr:   12:35
  Asr:     15:23
  Maghrib: 17:47
  Isha:    19:07
------------------------------
TODAY     (2026-02-14):
  Fajr:    05:59
  Dhuhr:   12:35
  Asr:     15:24
  Maghrib: 17:49
  Isha:    19:08
------------------------------
TOMORROW  (2026-02-15):
  Fajr:    05:58
  Dhuhr:   12:35
  Asr:     15:25
  Maghrib: 17:50
  Isha:    19:10
------------------------------
Time for Isha!
Playing Adhaan
Traceback (most recent call last):
  File "<string>", line 1, in <module>
  File "/Library/Frameworks/Python.framework/Versions/3.12/lib/python3.12/multiprocessing/spawn.py", line 122, in spawn_main
    exitcode = _main(fd, parent_sentinel)
               ^^^^^^^^^^^^^^^^^^^^^^^^^^
  File "/Library/Frameworks/Python.framework/Versions/3.12/lib/python3.12/multiprocessing/spawn.py", line 131, in _main
    prepare(preparation_data)
  File "/Library/Frameworks/Python.framework/Versions/3.12/lib/python3.12/multiprocessing/spawn.py", line 246, in prepare
    _fixup_main_from_path(data['init_main_from_path'])
  File "/Library/Frameworks/Python.framework/Versions/3.12/lib/python3.12/multiprocessing/spawn.py", line 297, in _fixup_main_from_path
    main_content = runpy.run_path(main_path,
                   ^^^^^^^^^^^^^^^^^^^^^^^^^
  File "<frozen runpy>", line 286, in run_path
  File "<frozen runpy>", line 98, in _run_module_code
  File "<frozen runpy>", line 88, in _run_code
  File "/Users/hassan.najeeb/PycharmProjects/my-adhan/adhan_clock.py", line 5, in <module>
    import converter
ModuleNotFoundError: No module named 'converter'
Error playing sound: No file 'makkah_adhan.mp3' found in working directory '/Users/hassan.najeeb/PycharmProjects/my-adhan'.
------------------------------
PRAYER SCHEDULE FOR 2026-02-15
------------------------------
YESTERDAY (2026-02-14):
  Fajr:    05:59
  Dhuhr:   12:35
  Asr:     15:24
  Maghrib: 17:49
  Isha:    19:08
------------------------------
TODAY     (2026-02-15):
  Fajr:    05:58
  Dhuhr:   12:35
  Asr:     15:25
  Maghrib: 17:50
  Isha:    19:10
------------------------------
TOMORROW  (2026-02-16):
  Fajr:    05:57
  Dhuhr:   12:35
  Asr:     15:26
  Maghrib: 17:51
  Isha:    19:11
------------------------------
------------------------------
PRAYER SCHEDULE FOR 2026-02-16
------------------------------
YESTERDAY (2026-02-15):
  Fajr:    05:58
  Dhuhr:   12:35
  Asr:     15:25
  Maghrib: 17:50
  Isha:    19:10
------------------------------
TODAY     (2026-02-16):
  Fajr:    05:57
  Dhuhr:   12:35
  Asr:     15:26
  Maghrib: 17:51
  Isha:    19:11
------------------------------
TOMORROW  (2026-02-17):
  Fajr:    05:56
  Dhuhr:   12:34
  Asr:     15:27
  Maghrib: 17:53
  Isha:    19:12
------------------------------
Time for Maghrib!
Playing Adhaan
pygame 2.6.1 (SDL 2.28.4, Python 3.12.0)
Hello from the pygame community. https://www.pygame.org/contribute.html
Detecting location from network...
Detected Timezone: America/Toronto
Detected Coordinates: 43.5142, -79.8845
Error playing sound: No file 'makkah_adhan.mp3' found in working directory '/Users/hassan.najeeb/PycharmProjects/my-adhan'.
Time for Isha!
Playing Adhaan
pygame 2.6.1 (SDL 2.28.4, Python 3.12.0)
Hello from the pygame community. https://www.pygame.org/contribute.html
Detecting location from network...
Detected Timezone: America/Toronto
Detected Coordinates: 43.5142, -79.8845
Error playing sound: No file 'makkah_adhan.mp3' found in working directory '/Users/hassan.najeeb/PycharmProjects/my-adhan'.
------------------------------
PRAYER SCHEDULE FOR 2026-02-17
------------------------------
YESTERDAY (2026-02-16):
  Fajr:    05:57
  Dhuhr:   12:35
  Asr:     15:26
  Maghrib: 17:51
  Isha:    19:11
------------------------------
TODAY     (2026-02-17):
  Fajr:    05:56
  Dhuhr:   12:34
  Asr:     15:27
  Maghrib: 17:53
  Isha:    19:12
------------------------------
TOMORROW  (2026-02-18):
  Fajr:    05:54
  Dhuhr:   12:34
  Asr:     15:28
  Maghrib: 17:54
  Isha:    19:13
------------------------------
------------------------------
PRAYER SCHEDULE FOR 2026-02-18
------------------------------
YESTERDAY (2026-02-17):
  Fajr:    05:56
  Dhuhr:   12:34
  Asr:     15:27
  Maghrib: 17:53
  Isha:    19:12
------------------------------
TODAY     (2026-02-18):
  Fajr:    05:54
  Dhuhr:   12:34
  Asr:     15:28
  Maghrib: 17:54
  Isha:    19:13
------------------------------
TOMORROW  (2026-02-19):
  Fajr:    05:53
  Dhuhr:   12:34
  Asr:     15:29
  Maghrib: 17:55
  Isha:    19:15
------------------------------
